2021-06-23 21:05:19.267  INFO 14804 --- [main] com.atguigu.scw.ScwUserApplication       : No active profile set, falling back to default profiles: default
2021-06-23 21:05:19.503  INFO 14804 --- [main] .s.d.r.c.RepositoryConfigurationDelegate : Multiple Spring Data modules found, entering strict repository configuration mode!
2021-06-23 21:05:19.504  INFO 14804 --- [main] .s.d.r.c.RepositoryConfigurationDelegate : Bootstrapping Spring Data Redis repositories in DEFAULT mode.
2021-06-23 21:05:19.515  INFO 14804 --- [main] .s.d.r.c.RepositoryConfigurationDelegate : Finished Spring Data repository scanning in 5ms. Found 0 Redis repository interfaces.
2021-06-23 21:05:19.595  WARN 14804 --- [main] o.m.s.mapper.ClassPathMapperScanner      : No MyBatis mapper was found in '[com.atguigu.scw.user.mapper]' package. Please check your configuration.
2021-06-23 21:05:19.637  INFO 14804 --- [main] o.s.cloud.context.scope.GenericScope     : BeanFactory id=ae35207f-60c5-37a9-b7a7-9ab6fea83cdf
2021-06-23 21:05:19.795  INFO 14804 --- [main] o.s.b.w.embedded.tomcat.TomcatWebServer  : Tomcat initialized with port(s): 7000 (http)
2021-06-23 21:05:19.800  INFO 14804 --- [main] o.apache.catalina.core.StandardService   : Starting service [Tomcat]
2021-06-23 21:05:19.800  INFO 14804 --- [main] org.apache.catalina.core.StandardEngine  : Starting Servlet engine: [Apache Tomcat/9.0.46]
2021-06-23 21:05:19.854  INFO 14804 --- [main] o.a.c.c.C.[Tomcat].[localhost].[/]       : Initializing Spring embedded WebApplicationContext
2021-06-23 21:05:19.854  INFO 14804 --- [main] w.s.c.ServletWebServerApplicationContext : Root WebApplicationContext: initialization completed in 575 ms
2021-06-23 21:05:19.940  WARN 14804 --- [main] c.n.c.sources.URLConfigurationSource     : No URLs will be polled as dynamic configuration sources.
2021-06-23 21:05:19.940  INFO 14804 --- [main] c.n.c.sources.URLConfigurationSource     : To enable URLs as dynamic configuration sources, define System property archaius.configurationSource.additionalUrls or make config.properties available on classpath.
2021-06-23 21:05:19.942  WARN 14804 --- [main] c.n.c.sources.URLConfigurationSource     : No URLs will be polled as dynamic configuration sources.
2021-06-23 21:05:19.942  INFO 14804 --- [main] c.n.c.sources.URLConfigurationSource     : To enable URLs as dynamic configuration sources, define System property archaius.configurationSource.additionalUrls or make config.properties available on classpath.
2021-06-23 21:05:20.057  INFO 14804 --- [main] o.s.s.concurrent.ThreadPoolTaskExecutor  : Initializing ExecutorService 'applicationTaskExecutor'
2021-06-23 21:05:21.480  INFO 14804 --- [main] o.s.cloud.commons.util.InetUtils         : Cannot determine local hostname
2021-06-23 21:05:21.500  INFO 14804 --- [main] DiscoveryClientOptionalArgsConfiguration : Eureka HTTP Client uses Jersey
2021-06-23 21:05:22.645  INFO 14804 --- [main] o.s.cloud.commons.util.InetUtils         : Cannot determine local hostname
2021-06-23 21:05:22.660  WARN 14804 --- [main] ockingLoadBalancerClientRibbonWarnLogger : You already have RibbonLoadBalancerClient on your classpath. It will be used by default. As Spring Cloud Ribbon is in maintenance mode. We recommend switching to BlockingLoadBalancerClient instead. In order to use it, set the value of `spring.cloud.loadbalancer.ribbon.enabled` to `false` or remove spring-cloud-starter-netflix-ribbon from your project.
2021-06-23 21:05:22.688  INFO 14804 --- [main] o.s.c.n.eureka.InstanceInfoFactory       : Setting initial instance status as: STARTING
2021-06-23 21:05:22.704  INFO 14804 --- [main] com.netflix.discovery.DiscoveryClient    : Initializing Eureka in region us-east-1
2021-06-23 21:05:22.917  INFO 14804 --- [main] c.n.d.provider.DiscoveryJerseyProvider   : Using JSON encoding codec LegacyJacksonJson
2021-06-23 21:05:22.918  INFO 14804 --- [main] c.n.d.provider.DiscoveryJerseyProvider   : Using JSON decoding codec LegacyJacksonJson
2021-06-23 21:05:22.972  INFO 14804 --- [main] c.n.d.provider.DiscoveryJerseyProvider   : Using XML encoding codec XStreamXml
2021-06-23 21:05:22.972  INFO 14804 --- [main] c.n.d.provider.DiscoveryJerseyProvider   : Using XML decoding codec XStreamXml
2021-06-23 21:05:23.063  INFO 14804 --- [main] c.n.d.s.r.aws.ConfigClusterResolver      : Resolving eureka endpoints via configuration
2021-06-23 21:05:23.155  INFO 14804 --- [main] com.netflix.discovery.DiscoveryClient    : Disable delta property : false
2021-06-23 21:05:23.155  INFO 14804 --- [main] com.netflix.discovery.DiscoveryClient    : Single vip registry refresh property : null
2021-06-23 21:05:23.155  INFO 14804 --- [main] com.netflix.discovery.DiscoveryClient    : Force full registry fetch : false
2021-06-23 21:05:23.156  INFO 14804 --- [main] com.netflix.discovery.DiscoveryClient    : Application is null : false
2021-06-23 21:05:23.156  INFO 14804 --- [main] com.netflix.discovery.DiscoveryClient    : Registered Applications size is zero : true
2021-06-23 21:05:23.156  INFO 14804 --- [main] com.netflix.discovery.DiscoveryClient    : Application version is -1: true
2021-06-23 21:05:23.156  INFO 14804 --- [main] com.netflix.discovery.DiscoveryClient    : Getting all instance registry info from the eureka server
2021-06-23 21:05:23.239  INFO 14804 --- [main] com.netflix.discovery.DiscoveryClient    : The response status is 200
2021-06-23 21:05:23.241  INFO 14804 --- [main] com.netflix.discovery.DiscoveryClient    : Starting heartbeat executor: renew interval is: 30
2021-06-23 21:05:23.242  INFO 14804 --- [main] c.n.discovery.InstanceInfoReplicator     : InstanceInfoReplicator onDemand update allowed rate per min is 4
2021-06-23 21:05:23.244  INFO 14804 --- [main] com.netflix.discovery.DiscoveryClient    : Discovery Client initialized at timestamp 1624453523243 with initial instances count: 1
2021-06-23 21:05:23.245  INFO 14804 --- [main] o.s.c.n.e.s.EurekaServiceRegistry        : Registering application SCW-USER with eureka with status UP
2021-06-23 21:05:23.245  INFO 14804 --- [main] com.netflix.discovery.DiscoveryClient    : Saw local status change event StatusChangeEvent [timestamp=1624453523245, current=UP, previous=STARTING]
2021-06-23 21:05:23.246  INFO 14804 --- [DiscoveryClient-InstanceInfoReplicator-0] com.netflix.discovery.DiscoveryClient    : DiscoveryClient_SCW-USER/localhost:SCW-USER:7000: registering service...
2021-06-23 21:05:23.261  INFO 14804 --- [main] o.s.b.w.embedded.tomcat.TomcatWebServer  : Tomcat started on port(s): 7000 (http) with context path ''
2021-06-23 21:05:23.261  INFO 14804 --- [main] .s.c.n.e.s.EurekaAutoServiceRegistration : Updating port to 7000
2021-06-23 21:05:23.269  INFO 14804 --- [DiscoveryClient-InstanceInfoReplicator-0] com.netflix.discovery.DiscoveryClient    : DiscoveryClient_SCW-USER/localhost:SCW-USER:7000 - registration status: 204
2021-06-23 21:05:24.388  INFO 14804 --- [main] o.s.cloud.commons.util.InetUtils         : Cannot determine local hostname
2021-06-23 21:05:24.393  INFO 14804 --- [main] com.atguigu.scw.ScwUserApplication       : Started ScwUserApplication in 7.822 seconds (JVM running for 8.202)
2021-06-23 21:10:23.158  INFO 14804 --- [AsyncResolver-bootstrap-executor-0] c.n.d.s.r.aws.ConfigClusterResolver      : Resolving eureka endpoints via configuration
2021-06-23 21:10:59.521  INFO 14804 --- [RMI TCP Connection(15)-127.0.0.1] inMXBeanRegistrar$SpringApplicationAdmin : Application shutdown requested.
2021-06-23 21:10:59.521  INFO 14804 --- [RMI TCP Connection(15)-127.0.0.1] o.s.c.n.e.s.EurekaServiceRegistry        : Unregistering application SCW-USER with eureka with status DOWN
2021-06-23 21:10:59.521  INFO 14804 --- [RMI TCP Connection(15)-127.0.0.1] com.netflix.discovery.DiscoveryClient    : Saw local status change event StatusChangeEvent [timestamp=1624453859521, current=DOWN, previous=UP]
2021-06-23 21:10:59.521  INFO 14804 --- [DiscoveryClient-InstanceInfoReplicator-0] com.netflix.discovery.DiscoveryClient    : DiscoveryClient_SCW-USER/localhost:SCW-USER:7000: registering service...
2021-06-23 21:10:59.528  INFO 14804 --- [DiscoveryClient-InstanceInfoReplicator-0] com.netflix.discovery.DiscoveryClient    : DiscoveryClient_SCW-USER/localhost:SCW-USER:7000 - registration status: 204
2021-06-23 21:10:59.605  INFO 14804 --- [RMI TCP Connection(15)-127.0.0.1] o.apache.catalina.core.StandardService   : Stopping service [Tomcat]
2021-06-23 21:10:59.623  INFO 14804 --- [RMI TCP Connection(15)-127.0.0.1] o.s.s.concurrent.ThreadPoolTaskExecutor  : Shutting down ExecutorService 'applicationTaskExecutor'
2021-06-23 21:10:59.624  INFO 14804 --- [RMI TCP Connection(15)-127.0.0.1] com.netflix.discovery.DiscoveryClient    : Shutting down DiscoveryClient ...
2021-06-23 21:11:02.627  INFO 14804 --- [RMI TCP Connection(15)-127.0.0.1] com.netflix.discovery.DiscoveryClient    : Unregistering ...
2021-06-23 21:11:02.631  INFO 14804 --- [RMI TCP Connection(15)-127.0.0.1] com.netflix.discovery.DiscoveryClient    : DiscoveryClient_SCW-USER/localhost:SCW-USER:7000 - deregister  status: 200
2021-06-23 21:11:02.637  INFO 14804 --- [RMI TCP Connection(15)-127.0.0.1] com.netflix.discovery.DiscoveryClient    : Completed shut down of DiscoveryClient
